2019-09-08 00:00:42.577  INFO 14040 --- [restartedMain] l.w.community.CommunityApplication       : Starting CommunityApplication on LAPTOP-SG87DFQ9 with PID 14040 (E:\Users\666\IdeaProjects\community\target\classes started by 666 in E:\Users\666\IdeaProjects\community)
2019-09-08 00:00:42.584  INFO 14040 --- [restartedMain] l.w.community.CommunityApplication       : No active profile set, falling back to default profiles: default
2019-09-08 00:00:42.652  INFO 14040 --- [restartedMain] .e.DevToolsPropertyDefaultsPostProcessor : Devtools property defaults active! Set 'spring.devtools.add-properties' to 'false' to disable
2019-09-08 00:00:42.652  INFO 14040 --- [restartedMain] .e.DevToolsPropertyDefaultsPostProcessor : For additional web related logging consider setting the 'logging.level.web' property to 'DEBUG'
2019-09-08 00:00:44.706  INFO 14040 --- [restartedMain] o.s.b.w.embedded.tomcat.TomcatWebServer  : Tomcat initialized with port(s): 8887 (http)
2019-09-08 00:00:44.732  INFO 14040 --- [restartedMain] o.apache.catalina.core.StandardService   : Starting service [Tomcat]
2019-09-08 00:00:44.733  INFO 14040 --- [restartedMain] org.apache.catalina.core.StandardEngine  : Starting Servlet engine: [Apache Tomcat/9.0.21]
2019-09-08 00:00:45.057  INFO 14040 --- [restartedMain] o.a.c.c.C.[Tomcat].[localhost].[/]       : Initializing Spring embedded WebApplicationContext
2019-09-08 00:00:45.058  INFO 14040 --- [restartedMain] o.s.web.context.ContextLoader            : Root WebApplicationContext: initialization completed in 2374 ms
2019-09-08 00:00:45.502  WARN 14040 --- [restartedMain] ConfigServletWebServerApplicationContext : Exception encountered during context initialization - cancelling refresh attempt: org.springframework.beans.factory.UnsatisfiedDependencyException: Error creating bean with name 'indexController': Unsatisfied dependency expressed through field 'questionService'; nested exception is org.springframework.beans.factory.UnsatisfiedDependencyException: Error creating bean with name 'questionService': Unsatisfied dependency expressed through field 'messageTagCache'; nested exception is org.springframework.beans.factory.NoSuchBeanDefinitionException: No qualifying bean of type 'life.wpx1997.community.cache.MessageTagCache' available: expected at least 1 bean which qualifies as autowire candidate. Dependency annotations: {@org.springframework.beans.factory.annotation.Autowired(required=true)}
2019-09-08 00:00:45.506  INFO 14040 --- [restartedMain] o.apache.catalina.core.StandardService   : Stopping service [Tomcat]
2019-09-08 00:00:45.517  INFO 14040 --- [restartedMain] ConditionEvaluationReportLoggingListener : 

Error starting ApplicationContext. To display the conditions report re-run your application with 'debug' enabled.
2019-09-08 00:00:45.692 ERROR 14040 --- [restartedMain] o.s.b.d.LoggingFailureAnalysisReporter   : 

***************************
APPLICATION FAILED TO START
***************************

Description:

Field messageTagCache in life.wpx1997.community.service.QuestionService required a bean of type 'life.wpx1997.community.cache.MessageTagCache' that could not be found.

The injection point has the following annotations:
	- @org.springframework.beans.factory.annotation.Autowired(required=true)


Action:

Consider defining a bean of type 'life.wpx1997.community.cache.MessageTagCache' in your configuration.

2019-09-08 00:03:15.904  INFO 13956 --- [restartedMain] l.w.community.CommunityApplication       : Starting CommunityApplication on LAPTOP-SG87DFQ9 with PID 13956 (E:\Users\666\IdeaProjects\community\target\classes started by 666 in E:\Users\666\IdeaProjects\community)
2019-09-08 00:03:15.907  INFO 13956 --- [restartedMain] l.w.community.CommunityApplication       : No active profile set, falling back to default profiles: default
2019-09-08 00:03:15.958  INFO 13956 --- [restartedMain] .e.DevToolsPropertyDefaultsPostProcessor : Devtools property defaults active! Set 'spring.devtools.add-properties' to 'false' to disable
2019-09-08 00:03:15.959  INFO 13956 --- [restartedMain] .e.DevToolsPropertyDefaultsPostProcessor : For additional web related logging consider setting the 'logging.level.web' property to 'DEBUG'
2019-09-08 00:03:17.609  INFO 13956 --- [restartedMain] o.s.b.w.embedded.tomcat.TomcatWebServer  : Tomcat initialized with port(s): 8887 (http)
2019-09-08 00:03:17.635  INFO 13956 --- [restartedMain] o.apache.catalina.core.StandardService   : Starting service [Tomcat]
2019-09-08 00:03:17.636  INFO 13956 --- [restartedMain] org.apache.catalina.core.StandardEngine  : Starting Servlet engine: [Apache Tomcat/9.0.21]
2019-09-08 00:03:17.866  INFO 13956 --- [restartedMain] o.a.c.c.C.[Tomcat].[localhost].[/]       : Initializing Spring embedded WebApplicationContext
2019-09-08 00:03:17.867  INFO 13956 --- [restartedMain] o.s.web.context.ContextLoader            : Root WebApplicationContext: initialization completed in 1908 ms
2019-09-08 00:03:18.502  INFO 13956 --- [restartedMain] o.s.s.concurrent.ThreadPoolTaskExecutor  : Initializing ExecutorService 'applicationTaskExecutor'
2019-09-08 00:03:18.629  INFO 13956 --- [restartedMain] o.s.b.a.w.s.WelcomePageHandlerMapping    : Adding welcome page template: index
2019-09-08 00:03:18.715  INFO 13956 --- [restartedMain] o.s.s.c.ThreadPoolTaskScheduler          : Initializing ExecutorService 'taskScheduler'
2019-09-08 00:03:18.827  INFO 13956 --- [restartedMain] o.s.b.d.a.OptionalLiveReloadServer       : LiveReload server is running on port 35729
2019-09-08 00:03:18.853  INFO 13956 --- [scheduling-1] l.w.community.schedule.HotTagTasks       : hotTagSchedule start Sun Sep 08 00:03:18 CST 2019
2019-09-08 00:03:18.878  INFO 13956 --- [restartedMain] o.s.b.w.embedded.tomcat.TomcatWebServer  : Tomcat started on port(s): 8887 (http) with context path ''
2019-09-08 00:03:18.881  INFO 13956 --- [restartedMain] l.w.community.CommunityApplication       : Started CommunityApplication in 3.307 seconds (JVM running for 3.995)
2019-09-08 00:03:18.885  INFO 13956 --- [scheduling-1] com.zaxxer.hikari.HikariDataSource       : HikariPool-1 - Starting...
2019-09-08 00:03:19.271  INFO 13956 --- [scheduling-1] com.zaxxer.hikari.HikariDataSource       : HikariPool-1 - Start completed.
2019-09-08 00:03:19.322  INFO 13956 --- [scheduling-1] l.w.community.schedule.HotTagTasks       : hotTagSchedule stop Sun Sep 08 00:03:19 CST 2019
2019-09-08 00:03:28.786  INFO 13956 --- [http-nio-8887-exec-1] o.a.c.c.C.[Tomcat].[localhost].[/]       : Initializing Spring DispatcherServlet 'dispatcherServlet'
2019-09-08 00:03:28.786  INFO 13956 --- [http-nio-8887-exec-1] o.s.web.servlet.DispatcherServlet        : Initializing Servlet 'dispatcherServlet'
2019-09-08 00:03:28.794  INFO 13956 --- [http-nio-8887-exec-1] o.s.web.servlet.DispatcherServlet        : Completed initialization in 8 ms
2019-09-08 00:07:58.846  INFO 1184 --- [restartedMain] l.w.community.CommunityApplication       : Starting CommunityApplication on LAPTOP-SG87DFQ9 with PID 1184 (E:\Users\666\IdeaProjects\community\target\classes started by 666 in E:\Users\666\IdeaProjects\community)
2019-09-08 00:07:58.849  INFO 1184 --- [restartedMain] l.w.community.CommunityApplication       : No active profile set, falling back to default profiles: default
2019-09-08 00:07:58.892  INFO 1184 --- [restartedMain] .e.DevToolsPropertyDefaultsPostProcessor : Devtools property defaults active! Set 'spring.devtools.add-properties' to 'false' to disable
2019-09-08 00:07:58.892  INFO 1184 --- [restartedMain] .e.DevToolsPropertyDefaultsPostProcessor : For additional web related logging consider setting the 'logging.level.web' property to 'DEBUG'
2019-09-08 00:08:00.773  INFO 1184 --- [restartedMain] o.s.b.w.embedded.tomcat.TomcatWebServer  : Tomcat initialized with port(s): 8887 (http)
2019-09-08 00:08:00.793  INFO 1184 --- [restartedMain] o.apache.catalina.core.StandardService   : Starting service [Tomcat]
2019-09-08 00:08:00.794  INFO 1184 --- [restartedMain] org.apache.catalina.core.StandardEngine  : Starting Servlet engine: [Apache Tomcat/9.0.21]
2019-09-08 00:08:00.904  INFO 1184 --- [restartedMain] o.a.c.c.C.[Tomcat].[localhost].[/]       : Initializing Spring embedded WebApplicationContext
2019-09-08 00:08:00.905  INFO 1184 --- [restartedMain] o.s.web.context.ContextLoader            : Root WebApplicationContext: initialization completed in 2013 ms
2019-09-08 00:08:01.673  INFO 1184 --- [restartedMain] o.s.s.concurrent.ThreadPoolTaskExecutor  : Initializing ExecutorService 'applicationTaskExecutor'
2019-09-08 00:08:01.966  INFO 1184 --- [restartedMain] o.s.b.a.w.s.WelcomePageHandlerMapping    : Adding welcome page template: index
2019-09-08 00:08:02.177  INFO 1184 --- [restartedMain] o.s.s.c.ThreadPoolTaskScheduler          : Initializing ExecutorService 'taskScheduler'
2019-09-08 00:08:02.349  INFO 1184 --- [restartedMain] o.s.b.d.a.OptionalLiveReloadServer       : LiveReload server is running on port 35729
2019-09-08 00:08:02.395  INFO 1184 --- [scheduling-1] l.w.community.schedule.HotTagTasks       : hotTagSchedule start Sun Sep 08 00:08:02 CST 2019
2019-09-08 00:08:02.424  INFO 1184 --- [restartedMain] o.s.b.w.embedded.tomcat.TomcatWebServer  : Tomcat started on port(s): 8887 (http) with context path ''
2019-09-08 00:08:02.442  INFO 1184 --- [restartedMain] l.w.community.CommunityApplication       : Started CommunityApplication in 3.917 seconds (JVM running for 4.573)
2019-09-08 00:08:02.459  INFO 1184 --- [scheduling-1] com.zaxxer.hikari.HikariDataSource       : HikariPool-1 - Starting...
2019-09-08 00:08:03.263  INFO 1184 --- [scheduling-1] com.zaxxer.hikari.HikariDataSource       : HikariPool-1 - Start completed.
2019-09-08 00:08:03.340  INFO 1184 --- [scheduling-1] l.w.community.schedule.HotTagTasks       : hotTagSchedule stop Sun Sep 08 00:08:03 CST 2019
2019-09-08 00:08:05.541  INFO 1184 --- [http-nio-8887-exec-10] o.a.c.c.C.[Tomcat].[localhost].[/]       : Initializing Spring DispatcherServlet 'dispatcherServlet'
2019-09-08 00:08:05.541  INFO 1184 --- [http-nio-8887-exec-10] o.s.web.servlet.DispatcherServlet        : Initializing Servlet 'dispatcherServlet'
2019-09-08 00:08:05.547  INFO 1184 --- [http-nio-8887-exec-10] o.s.web.servlet.DispatcherServlet        : Completed initialization in 6 ms
